#-----------------------------------------------------------
# Vivado v2018.2 (64-bit)
# SW Build 2258646 on Thu Jun 14 20:03:12 MDT 2018
# IP Build 2256618 on Thu Jun 14 22:10:49 MDT 2018
# Start of session at: Mon Mar 31 15:59:52 2025
# Process ID: 17456
# Current directory: C:/Doc/github/Quantum/Code/matlab/two_qubit_system
# Command line: vivado.exe -mode batch -source C:\Doc\github\Quantum\Code\matlab\two_qubit_system\codegen\quantumComputer_twoQubit\cosim\launch_quantumComputer_twoQubit_fixpt_cosim.tcl
# Log file: C:/Doc/github/Quantum/Code/matlab/two_qubit_system/vivado.log
# Journal file: C:/Doc/github/Quantum/Code/matlab/two_qubit_system\vivado.jou
#-----------------------------------------------------------
source {C:\Doc\github\Quantum\Code\matlab\two_qubit_system\codegen\quantumComputer_twoQubit\cosim\launch_quantumComputer_twoQubit_fixpt_cosim.tcl}
# if {[file exists xsim.dir] == 1} {
#     set mtime [file mtime xsim.dir]
#     set mtimestamp [clock format $mtime -format %Y%m%d_%H%M%S]
#     set xsim_savefile "xsim.dir.$mtimestamp"
#     file rename xsim.dir $xsim_savefile
# }
# set hdlsrc {C:\Doc\github\Quantum\Code\matlab\two_qubit_system\codegen\quantumComputer_twoQubit\hdlsrc}
# exec xvlog $hdlsrc/quantumComputer_twoQubit_fixpt.v
# exec xelab quantumComputer_twoQubit_fixpt --timescale 1ps/1ps --override_timeunit --override_timeprecision -dll --snapshot design -debug wave 
INFO: [Common 17-206] Exiting Vivado at Mon Mar 31 16:00:10 2025...
